# JRE version: Java(TM) SE Runtime Environment (8.0_191-b12) (build 1.8.0_191-b12)
# Java VM: Java HotSpot(TM) 64-Bit Server VM (25.191-b12 mixed mode bsd-amd64 compressed oops)
Heap:
 PSYoungGen      total 31744K, used 23016K [0x000000076ab00000, 0x000000076cc80000, 0x00000007c0000000)
  eden space 31232K, 72% used [0x000000076ab00000,0x000000076c0fa078,0x000000076c980000)
  from space 512K, 100% used [0x000000076cc00000,0x000000076cc80000,0x000000076cc80000)
  to   space 1536K, 0% used [0x000000076c980000,0x000000076c980000,0x000000076cb00000)
 ParOldGen       total 175104K, used 25646K [0x00000006c0000000, 0x00000006cab00000, 0x000000076ab00000)
  object space 175104K, 14% used [0x00000006c0000000,0x00000006c190b9b8,0x00000006cab00000)
 Metaspace       used 27640K, capacity 28938K, committed 29056K, reserved 1075200K
  class space    used 3609K, capacity 3938K, committed 3968K, reserved 1048576K
GC Heap History (10 events):
Event: 165.409 GC heap before
{Heap before GC invocations=51 (full 1):
 PSYoungGen      total 34816K, used 34405K [0x000000076ab00000, 0x000000076d000000, 0x00000007c0000000)
  eden space 33792K, 100% used [0x000000076ab00000,0x000000076cc00000,0x000000076cc00000)
  from space 1024K, 59% used [0x000000076cc80000,0x000000076cd19640,0x000000076cd80000)
  to   space 2048K, 0% used [0x000000076ce00000,0x000000076ce00000,0x000000076d000000)
 ParOldGen       total 175104K, used 25043K [0x00000006c0000000, 0x00000006cab00000, 0x000000076ab00000)
  object space 175104K, 14% used [0x00000006c0000000,0x00000006c1874c90,0x00000006cab00000)
 Metaspace       used 26820K, capacity 27990K, committed 28160K, reserved 1073152K
  class space    used 3440K, capacity 3740K, committed 3840K, reserved 1048576K
Event: 165.412 GC heap after
Heap after GC invocations=51 (full 1):
 PSYoungGen      total 34816K, used 512K [0x000000076ab00000, 0x000000076cf80000, 0x00000007c0000000)
  eden space 33280K, 0% used [0x000000076ab00000,0x000000076ab00000,0x000000076cb80000)
  from space 1536K, 33% used [0x000000076ce00000,0x000000076ce80000,0x000000076cf80000)
  to   space 2048K, 0% used [0x000000076cb80000,0x000000076cb80000,0x000000076cd80000)
 ParOldGen       total 175104K, used 25286K [0x00000006c0000000, 0x00000006cab00000, 0x000000076ab00000)
  object space 175104K, 14% used [0x00000006c0000000,0x00000006c18b19b8,0x00000006cab00000)
 Metaspace       used 26820K, capacity 27990K, committed 28160K, reserved 1073152K
  class space    used 3440K, capacity 3740K, committed 3840K, reserved 1048576K
}
Event: 167.209 GC heap before
{Heap before GC invocations=52 (full 1):
 PSYoungGen      total 34816K, used 33792K [0x000000076ab00000, 0x000000076cf80000, 0x00000007c0000000)
  eden space 33280K, 100% used [0x000000076ab00000,0x000000076cb80000,0x000000076cb80000)
  from space 1536K, 33% used [0x000000076ce00000,0x000000076ce80000,0x000000076cf80000)
  to   space 2048K, 0% used [0x000000076cb80000,0x000000076cb80000,0x000000076cd80000)
 ParOldGen       total 175104K, used 25286K [0x00000006c0000000, 0x00000006cab00000, 0x000000076ab00000)
  object space 175104K, 14% used [0x00000006c0000000,0x00000006c18b19b8,0x00000006cab00000)
 Metaspace       used 26823K, capacity 27996K, committed 28160K, reserved 1073152K
  class space    used 3440K, capacity 3741K, committed 3840K, reserved 1048576K
Event: 167.211 GC heap after
Heap after GC invocations=52 (full 1):
 PSYoungGen      total 33280K, used 480K [0x000000076ab00000, 0x000000076cf00000, 0x00000007c0000000)
  eden space 32768K, 0% used [0x000000076ab00000,0x000000076ab00000,0x000000076cb00000)
  from space 512K, 93% used [0x000000076cb80000,0x000000076cbf8000,0x000000076cc00000)
  to   space 2048K, 0% used [0x000000076cd00000,0x000000076cd00000,0x000000076cf00000)
 ParOldGen       total 175104K, used 25358K [0x00000006c0000000, 0x00000006cab00000, 0x000000076ab00000)
  object space 175104K, 14% used [0x00000006c0000000,0x00000006c18c39b8,0x00000006cab00000)
 Metaspace       used 26823K, capacity 27996K, committed 28160K, reserved 1073152K
  class space    used 3440K, capacity 3741K, committed 3840K, reserved 1048576K
}
Event: 169.144 GC heap before
{Heap before GC invocations=53 (full 1):
 PSYoungGen      total 33280K, used 33248K [0x000000076ab00000, 0x000000076cf00000, 0x00000007c0000000)
  eden space 32768K, 100% used [0x000000076ab00000,0x000000076cb00000,0x000000076cb00000)
  from space 512K, 93% used [0x000000076cb80000,0x000000076cbf8000,0x000000076cc00000)
  to   space 2048K, 0% used [0x000000076cd00000,0x000000076cd00000,0x000000076cf00000)
 ParOldGen       total 175104K, used 25358K [0x00000006c0000000, 0x00000006cab00000, 0x000000076ab00000)
  object space 175104K, 14% used [0x00000006c0000000,0x00000006c18c39b8,0x00000006cab00000)
 Metaspace       used 26825K, capacity 27996K, committed 28160K, reserved 1073152K
  class space    used 3440K, capacity 3741K, committed 3840K, reserved 1048576K
Event: 169.145 GC heap after
Heap after GC invocations=53 (full 1):
 PSYoungGen      total 33792K, used 608K [0x000000076ab00000, 0x000000076ce80000, 0x00000007c0000000)
  eden space 32256K, 0% used [0x000000076ab00000,0x000000076ab00000,0x000000076ca80000)
  from space 1536K, 39% used [0x000000076cd00000,0x000000076cd98000,0x000000076ce80000)
  to   space 2048K, 0% used [0x000000076ca80000,0x000000076ca80000,0x000000076cc80000)
 ParOldGen       total 175104K, used 25430K [0x00000006c0000000, 0x00000006cab00000, 0x000000076ab00000)
  object space 175104K, 14% used [0x00000006c0000000,0x00000006c18d59b8,0x00000006cab00000)
 Metaspace       used 26825K, capacity 27996K, committed 28160K, reserved 1073152K
  class space    used 3440K, capacity 3741K, committed 3840K, reserved 1048576K
}
Event: 170.918 GC heap before
{Heap before GC invocations=54 (full 1):
 PSYoungGen      total 33792K, used 32864K [0x000000076ab00000, 0x000000076ce80000, 0x00000007c0000000)
  eden space 32256K, 100% used [0x000000076ab00000,0x000000076ca80000,0x000000076ca80000)
  from space 1536K, 39% used [0x000000076cd00000,0x000000076cd98000,0x000000076ce80000)
  to   space 2048K, 0% used [0x000000076ca80000,0x000000076ca80000,0x000000076cc80000)
 ParOldGen       total 175104K, used 25430K [0x00000006c0000000, 0x00000006cab00000, 0x000000076ab00000)
  object space 175104K, 14% used [0x00000006c0000000,0x00000006c18d59b8,0x00000006cab00000)
 Metaspace       used 26875K, capacity 28092K, committed 28416K, reserved 1073152K
  class space    used 3447K, capacity 3745K, committed 3840K, reserved 1048576K
Event: 170.919 GC heap after
Heap after GC invocations=54 (full 1):
 PSYoungGen      total 32768K, used 716K [0x000000076ab00000, 0x000000076ce00000, 0x00000007c0000000)
  eden space 31744K, 0% used [0x000000076ab00000,0x000000076ab00000,0x000000076ca00000)
  from space 1024K, 70% used [0x000000076ca80000,0x000000076cb333a8,0x000000076cb80000)
  to   space 2048K, 0% used [0x000000076cc00000,0x000000076cc00000,0x000000076ce00000)
 ParOldGen       total 175104K, used 25542K [0x00000006c0000000, 0x00000006cab00000, 0x000000076ab00000)
  object space 175104K, 14% used [0x00000006c0000000,0x00000006c18f19b8,0x00000006cab00000)
 Metaspace       used 26875K, capacity 28092K, committed 28416K, reserved 1073152K
  class space    used 3447K, capacity 3745K, committed 3840K, reserved 1048576K
}
Event: 172.743 GC heap before
{Heap before GC invocations=55 (full 1):
 PSYoungGen      total 32768K, used 32460K [0x000000076ab00000, 0x000000076ce00000, 0x00000007c0000000)
  eden space 31744K, 100% used [0x000000076ab00000,0x000000076ca00000,0x000000076ca00000)
  from space 1024K, 70% used [0x000000076ca80000,0x000000076cb333a8,0x000000076cb80000)
  to   space 2048K, 0% used [0x000000076cc00000,0x000000076cc00000,0x000000076ce00000)
 ParOldGen       total 175104K, used 25542K [0x00000006c0000000, 0x00000006cab00000, 0x000000076ab00000)
  object space 175104K, 14% used [0x00000006c0000000,0x00000006c18f19b8,0x00000006cab00000)
 Metaspace       used 26885K, capacity 28104K, committed 28416K, reserved 1073152K
  class space    used 3448K, capacity 3747K, committed 3840K, reserved 1048576K
Event: 172.745 GC heap after
Heap after GC invocations=55 (full 1):
 PSYoungGen      total 31744K, used 512K [0x000000076ab00000, 0x000000076cc80000, 0x00000007c0000000)
  eden space 31232K, 0% used [0x000000076ab00000,0x000000076ab00000,0x000000076c980000)
  from space 512K, 100% used [0x000000076cc00000,0x000000076cc80000,0x000000076cc80000)
  to   space 1536K, 0% used [0x000000076c980000,0x000000076c980000,0x000000076cb00000)
 ParOldGen       total 175104K, used 25646K [0x00000006c0000000, 0x00000006cab00000, 0x000000076ab00000)
  object space 175104K, 14% used [0x00000006c0000000,0x00000006c190b9b8,0x00000006cab00000)
 Metaspace       used 26885K, capacity 28104K, committed 28416K, reserved 1073152K
  class space    used 3448K, capacity 3747K, committed 3840K, reserved 1048576K
}

